{"C:\\Users\\MrDamnboy\\Projects\\test_code\\vigorous-daily-request\\server.js": {"path":"C:\\Users\\MrDamnboy\\Projects\\test_code\\vigorous-daily-request\\server.js","statementMap":{"0":{"start":{"line":1,"column":18},"end":{"line":1,"column":42}},"1":{"start":{"line":4,"column":16},"end":{"line":4,"column":34}},"2":{"start":{"line":5,"column":15},"end":{"line":5,"column":32}},"3":{"start":{"line":6,"column":12},"end":{"line":6,"column":21}},"4":{"start":{"line":7,"column":19},"end":{"line":7,"column":41}},"5":{"start":{"line":9,"column":0},"end":{"line":9,"column":24}},"6":{"start":{"line":10,"column":0},"end":{"line":14,"column":2}},"7":{"start":{"line":21,"column":0},"end":{"line":21,"column":34}},"8":{"start":{"line":24,"column":0},"end":{"line":24,"column":46}},"9":{"start":{"line":25,"column":0},"end":{"line":25,"column":30}},"10":{"start":{"line":28,"column":18},"end":{"line":28,"column":43}},"11":{"start":{"line":29,"column":0},"end":{"line":29,"column":24}},"12":{"start":{"line":32,"column":17},"end":{"line":35,"column":2}},"13":{"start":{"line":33,"column":2},"end":{"line":33,"column":74}},"14":{"start":{"line":34,"column":2},"end":{"line":34,"column":20}}},"fnMap":{"0":{"name":"(anonymous_0)","decl":{"start":{"line":32,"column":54},"end":{"line":32,"column":55}},"loc":{"start":{"line":32,"column":66},"end":{"line":35,"column":1}},"line":32}},"branchMap":{"0":{"loc":{"start":{"line":32,"column":28},"end":{"line":32,"column":52}},"type":"binary-expr","locations":[{"start":{"line":32,"column":28},"end":{"line":32,"column":44}},{"start":{"line":32,"column":48},"end":{"line":32,"column":52}}],"line":32}},"s":{"0":1,"1":1,"2":1,"3":1,"4":1,"5":1,"6":1,"7":1,"8":1,"9":1,"10":1,"11":1,"12":1,"13":0,"14":0},"f":{"0":0},"b":{"0":[1,1]},"_coverageSchema":"1a1c01bbd47fc00a2c39e90264f33305004495a9","hash":"3cf7e31ada7fbf3a889ada129234d0677071b968"}
,"C:\\Users\\MrDamnboy\\Projects\\test_code\\vigorous-daily-request\\routes\\index.js": {"path":"C:\\Users\\MrDamnboy\\Projects\\test_code\\vigorous-daily-request\\routes\\index.js","statementMap":{"0":{"start":{"line":1,"column":16},"end":{"line":1,"column":34}},"1":{"start":{"line":2,"column":18},"end":{"line":2,"column":47}},"2":{"start":{"line":3,"column":19},"end":{"line":3,"column":35}},"3":{"start":{"line":4,"column":22},"end":{"line":4,"column":24}},"4":{"start":{"line":17,"column":4},"end":{"line":17,"column":31}},"5":{"start":{"line":20,"column":0},"end":{"line":26,"column":3}},"6":{"start":{"line":21,"column":2},"end":{"line":25,"column":3}},"7":{"start":{"line":22,"column":4},"end":{"line":22,"column":24}},"8":{"start":{"line":24,"column":4},"end":{"line":24,"column":23}},"9":{"start":{"line":28,"column":0},"end":{"line":78,"column":3}},"10":{"start":{"line":29,"column":2},"end":{"line":77,"column":3}},"11":{"start":{"line":30,"column":31},"end":{"line":30,"column":39}},"12":{"start":{"line":33,"column":4},"end":{"line":36,"column":5}},"13":{"start":{"line":34,"column":6},"end":{"line":34,"column":55}},"14":{"start":{"line":35,"column":6},"end":{"line":35,"column":13}},"15":{"start":{"line":39,"column":28},"end":{"line":39,"column":61}},"16":{"start":{"line":42,"column":17},"end":{"line":42,"column":59}},"17":{"start":{"line":45,"column":4},"end":{"line":48,"column":5}},"18":{"start":{"line":46,"column":6},"end":{"line":46,"column":55}},"19":{"start":{"line":47,"column":6},"end":{"line":47,"column":13}},"20":{"start":{"line":50,"column":19},"end":{"line":50,"column":27}},"21":{"start":{"line":53,"column":28},"end":{"line":53,"column":58}},"22":{"start":{"line":55,"column":24},"end":{"line":55,"column":71}},"23":{"start":{"line":57,"column":35},"end":{"line":57,"column":46}},"24":{"start":{"line":60,"column":4},"end":{"line":63,"column":5}},"25":{"start":{"line":61,"column":6},"end":{"line":61,"column":53}},"26":{"start":{"line":62,"column":6},"end":{"line":62,"column":13}},"27":{"start":{"line":66,"column":4},"end":{"line":69,"column":5}},"28":{"start":{"line":67,"column":6},"end":{"line":67,"column":56}},"29":{"start":{"line":68,"column":6},"end":{"line":68,"column":13}},"30":{"start":{"line":72,"column":4},"end":{"line":72,"column":52}},"31":{"start":{"line":73,"column":4},"end":{"line":73,"column":29}},"32":{"start":{"line":75,"column":4},"end":{"line":75,"column":23}},"33":{"start":{"line":76,"column":4},"end":{"line":76,"column":48}},"34":{"start":{"line":80,"column":0},"end":{"line":80,"column":28}}},"fnMap":{"0":{"name":"(anonymous_0)","decl":{"start":{"line":20,"column":20},"end":{"line":20,"column":21}},"loc":{"start":{"line":20,"column":40},"end":{"line":26,"column":1}},"line":20},"1":{"name":"(anonymous_1)","decl":{"start":{"line":28,"column":21},"end":{"line":28,"column":22}},"loc":{"start":{"line":28,"column":41},"end":{"line":78,"column":1}},"line":28}},"branchMap":{"0":{"loc":{"start":{"line":33,"column":4},"end":{"line":36,"column":5}},"type":"if","locations":[{"start":{"line":33,"column":4},"end":{"line":36,"column":5}},{"start":{},"end":{}}],"line":33},"1":{"loc":{"start":{"line":45,"column":4},"end":{"line":48,"column":5}},"type":"if","locations":[{"start":{"line":45,"column":4},"end":{"line":48,"column":5}},{"start":{},"end":{}}],"line":45},"2":{"loc":{"start":{"line":45,"column":8},"end":{"line":45,"column":43}},"type":"binary-expr","locations":[{"start":{"line":45,"column":8},"end":{"line":45,"column":21}},{"start":{"line":45,"column":25},"end":{"line":45,"column":43}}],"line":45},"3":{"loc":{"start":{"line":60,"column":4},"end":{"line":63,"column":5}},"type":"if","locations":[{"start":{"line":60,"column":4},"end":{"line":63,"column":5}},{"start":{},"end":{}}],"line":60},"4":{"loc":{"start":{"line":66,"column":4},"end":{"line":69,"column":5}},"type":"if","locations":[{"start":{"line":66,"column":4},"end":{"line":69,"column":5}},{"start":{},"end":{}}],"line":66}},"s":{"0":1,"1":1,"2":1,"3":1,"4":1,"5":1,"6":0,"7":0,"8":0,"9":1,"10":0,"11":0,"12":0,"13":0,"14":0,"15":0,"16":0,"17":0,"18":0,"19":0,"20":0,"21":0,"22":0,"23":0,"24":0,"25":0,"26":0,"27":0,"28":0,"29":0,"30":0,"31":0,"32":0,"33":0,"34":1},"f":{"0":0,"1":0},"b":{"0":[0,0],"1":[0,0],"2":[0,0],"3":[0,0],"4":[0,0]},"_coverageSchema":"1a1c01bbd47fc00a2c39e90264f33305004495a9","hash":"96217d3c1a6e6be27554f7ddabde524446d5e1d6"}
,"C:\\Users\\MrDamnboy\\Projects\\test_code\\vigorous-daily-request\\utils\\constants.js": {"path":"C:\\Users\\MrDamnboy\\Projects\\test_code\\vigorous-daily-request\\utils\\constants.js","statementMap":{"0":{"start":{"line":1,"column":14},"end":{"line":6,"column":1}},"1":{"start":{"line":8,"column":2},"end":{"line":8,"column":84}},"2":{"start":{"line":10,"column":2},"end":{"line":10,"column":77}},"3":{"start":{"line":12,"column":0},"end":{"line":16,"column":2}}},"fnMap":{},"branchMap":{},"s":{"0":1,"1":1,"2":1,"3":1},"f":{},"b":{},"_coverageSchema":"1a1c01bbd47fc00a2c39e90264f33305004495a9","hash":"c4ba6a209384ca0c924e1aa021cfedfd3588ce5b"}
,"C:\\Users\\MrDamnboy\\Projects\\test_code\\vigorous-daily-request\\utils\\helpers.js": {"path":"C:\\Users\\MrDamnboy\\Projects\\test_code\\vigorous-daily-request\\utils\\helpers.js","statementMap":{"0":{"start":{"line":1,"column":15},"end":{"line":1,"column":32}},"1":{"start":{"line":2,"column":14},"end":{"line":2,"column":30}},"2":{"start":{"line":3,"column":40},"end":{"line":3,"column":65}},"3":{"start":{"line":6,"column":15},"end":{"line":7,"column":43}},"4":{"start":{"line":7,"column":2},"end":{"line":7,"column":43}},"5":{"start":{"line":7,"column":18},"end":{"line":7,"column":42}},"6":{"start":{"line":8,"column":19},"end":{"line":8,"column":67}},"7":{"start":{"line":8,"column":36},"end":{"line":8,"column":67}},"8":{"start":{"line":9,"column":26},"end":{"line":9,"column":73}},"9":{"start":{"line":9,"column":43},"end":{"line":9,"column":73}},"10":{"start":{"line":11,"column":26},"end":{"line":11,"column":53}},"11":{"start":{"line":11,"column":35},"end":{"line":11,"column":53}},"12":{"start":{"line":12,"column":26},"end":{"line":12,"column":57}},"13":{"start":{"line":12,"column":35},"end":{"line":12,"column":57}},"14":{"start":{"line":14,"column":21},"end":{"line":14,"column":74}},"15":{"start":{"line":14,"column":45},"end":{"line":14,"column":74}},"16":{"start":{"line":15,"column":26},"end":{"line":15,"column":75}},"17":{"start":{"line":15,"column":42},"end":{"line":15,"column":75}},"18":{"start":{"line":16,"column":28},"end":{"line":16,"column":65}},"19":{"start":{"line":16,"column":37},"end":{"line":16,"column":65}},"20":{"start":{"line":18,"column":34},"end":{"line":18,"column":72}},"21":{"start":{"line":18,"column":46},"end":{"line":18,"column":72}},"22":{"start":{"line":19,"column":31},"end":{"line":19,"column":76}},"23":{"start":{"line":19,"column":43},"end":{"line":19,"column":76}},"24":{"start":{"line":21,"column":26},"end":{"line":21,"column":78}},"25":{"start":{"line":21,"column":36},"end":{"line":21,"column":78}},"26":{"start":{"line":22,"column":15},"end":{"line":23,"column":64}},"27":{"start":{"line":23,"column":2},"end":{"line":23,"column":64}},"28":{"start":{"line":25,"column":22},"end":{"line":25,"column":24}},"29":{"start":{"line":27,"column":0},"end":{"line":41,"column":2}}},"fnMap":{"0":{"name":"(anonymous_0)","decl":{"start":{"line":6,"column":15},"end":{"line":6,"column":16}},"loc":{"start":{"line":7,"column":2},"end":{"line":7,"column":43}},"line":7},"1":{"name":"(anonymous_1)","decl":{"start":{"line":7,"column":11},"end":{"line":7,"column":12}},"loc":{"start":{"line":7,"column":18},"end":{"line":7,"column":42}},"line":7},"2":{"name":"(anonymous_2)","decl":{"start":{"line":8,"column":19},"end":{"line":8,"column":20}},"loc":{"start":{"line":8,"column":36},"end":{"line":8,"column":67}},"line":8},"3":{"name":"(anonymous_3)","decl":{"start":{"line":9,"column":26},"end":{"line":9,"column":27}},"loc":{"start":{"line":9,"column":43},"end":{"line":9,"column":73}},"line":9},"4":{"name":"(anonymous_4)","decl":{"start":{"line":11,"column":26},"end":{"line":11,"column":27}},"loc":{"start":{"line":11,"column":35},"end":{"line":11,"column":53}},"line":11},"5":{"name":"(anonymous_5)","decl":{"start":{"line":12,"column":26},"end":{"line":12,"column":27}},"loc":{"start":{"line":12,"column":35},"end":{"line":12,"column":57}},"line":12},"6":{"name":"(anonymous_6)","decl":{"start":{"line":14,"column":21},"end":{"line":14,"column":22}},"loc":{"start":{"line":14,"column":45},"end":{"line":14,"column":74}},"line":14},"7":{"name":"(anonymous_7)","decl":{"start":{"line":15,"column":26},"end":{"line":15,"column":27}},"loc":{"start":{"line":15,"column":42},"end":{"line":15,"column":75}},"line":15},"8":{"name":"(anonymous_8)","decl":{"start":{"line":16,"column":28},"end":{"line":16,"column":29}},"loc":{"start":{"line":16,"column":37},"end":{"line":16,"column":65}},"line":16},"9":{"name":"(anonymous_9)","decl":{"start":{"line":18,"column":34},"end":{"line":18,"column":35}},"loc":{"start":{"line":18,"column":46},"end":{"line":18,"column":72}},"line":18},"10":{"name":"(anonymous_10)","decl":{"start":{"line":19,"column":31},"end":{"line":19,"column":32}},"loc":{"start":{"line":19,"column":43},"end":{"line":19,"column":76}},"line":19},"11":{"name":"(anonymous_11)","decl":{"start":{"line":21,"column":26},"end":{"line":21,"column":27}},"loc":{"start":{"line":21,"column":36},"end":{"line":21,"column":78}},"line":21},"12":{"name":"(anonymous_12)","decl":{"start":{"line":22,"column":15},"end":{"line":22,"column":16}},"loc":{"start":{"line":23,"column":2},"end":{"line":23,"column":64}},"line":23}},"branchMap":{},"s":{"0":1,"1":1,"2":1,"3":1,"4":0,"5":0,"6":1,"7":0,"8":1,"9":0,"10":1,"11":0,"12":1,"13":0,"14":1,"15":0,"16":1,"17":0,"18":1,"19":0,"20":1,"21":0,"22":1,"23":0,"24":1,"25":0,"26":1,"27":0,"28":1,"29":1},"f":{"0":0,"1":0,"2":0,"3":0,"4":0,"5":0,"6":0,"7":0,"8":0,"9":0,"10":0,"11":0,"12":0},"b":{},"_coverageSchema":"1a1c01bbd47fc00a2c39e90264f33305004495a9","hash":"5d5a5c42ce93215f5ee63ba05334cf69398dfce5"}
,"C:\\Users\\MrDamnboy\\Projects\\test_code\\vigorous-daily-request\\utils\\mailer.js": {"path":"C:\\Users\\MrDamnboy\\Projects\\test_code\\vigorous-daily-request\\utils\\mailer.js","statementMap":{"0":{"start":{"line":1,"column":19},"end":{"line":1,"column":40}},"1":{"start":{"line":2,"column":26},"end":{"line":2,"column":56}},"2":{"start":{"line":4,"column":0},"end":{"line":4,"column":27}},"3":{"start":{"line":6,"column":20},"end":{"line":13,"column":2}},"4":{"start":{"line":19,"column":28},"end":{"line":23,"column":2}},"5":{"start":{"line":19,"column":35},"end":{"line":23,"column":1}},"6":{"start":{"line":29,"column":26},"end":{"line":42,"column":1}},"7":{"start":{"line":30,"column":20},"end":{"line":36,"column":15}},"8":{"start":{"line":32,"column":6},"end":{"line":34,"column":18}},"9":{"start":{"line":33,"column":22},"end":{"line":33,"column":37}},"10":{"start":{"line":37,"column":2},"end":{"line":41,"column":6}},"11":{"start":{"line":48,"column":19},"end":{"line":48,"column":53}},"12":{"start":{"line":48,"column":28},"end":{"line":48,"column":53}},"13":{"start":{"line":54,"column":20},"end":{"line":66,"column":1}},"14":{"start":{"line":55,"column":2},"end":{"line":65,"column":3}},"15":{"start":{"line":56,"column":18},"end":{"line":56,"column":20}},"16":{"start":{"line":58,"column":26},"end":{"line":58,"column":47}},"17":{"start":{"line":59,"column":17},"end":{"line":59,"column":36}},"18":{"start":{"line":61,"column":4},"end":{"line":61,"column":41}},"19":{"start":{"line":62,"column":4},"end":{"line":62,"column":24}},"20":{"start":{"line":64,"column":4},"end":{"line":64,"column":19}},"21":{"start":{"line":68,"column":0},"end":{"line":68,"column":33}}},"fnMap":{"0":{"name":"(anonymous_0)","decl":{"start":{"line":19,"column":28},"end":{"line":19,"column":29}},"loc":{"start":{"line":19,"column":35},"end":{"line":23,"column":1}},"line":19},"1":{"name":"(anonymous_1)","decl":{"start":{"line":29,"column":26},"end":{"line":29,"column":27}},"loc":{"start":{"line":29,"column":32},"end":{"line":42,"column":1}},"line":29},"2":{"name":"(anonymous_2)","decl":{"start":{"line":31,"column":9},"end":{"line":31,"column":10}},"loc":{"start":{"line":32,"column":6},"end":{"line":34,"column":18}},"line":32},"3":{"name":"(anonymous_3)","decl":{"start":{"line":33,"column":13},"end":{"line":33,"column":14}},"loc":{"start":{"line":33,"column":22},"end":{"line":33,"column":37}},"line":33},"4":{"name":"(anonymous_4)","decl":{"start":{"line":48,"column":19},"end":{"line":48,"column":20}},"loc":{"start":{"line":48,"column":28},"end":{"line":48,"column":53}},"line":48},"5":{"name":"(anonymous_5)","decl":{"start":{"line":54,"column":20},"end":{"line":54,"column":21}},"loc":{"start":{"line":54,"column":26},"end":{"line":66,"column":1}},"line":54}},"branchMap":{},"s":{"0":1,"1":1,"2":1,"3":1,"4":1,"5":0,"6":1,"7":0,"8":0,"9":0,"10":0,"11":1,"12":0,"13":1,"14":0,"15":0,"16":0,"17":0,"18":0,"19":0,"20":0,"21":1},"f":{"0":0,"1":0,"2":0,"3":0,"4":0,"5":0},"b":{},"_coverageSchema":"1a1c01bbd47fc00a2c39e90264f33305004495a9","hash":"e6066c060e1a06bcf7a61c1929703c991b45dad5"}
,"C:\\Users\\MrDamnboy\\Projects\\test_code\\vigorous-daily-request\\utils\\timer.js": {"path":"C:\\Users\\MrDamnboy\\Projects\\test_code\\vigorous-daily-request\\utils\\timer.js","statementMap":{"0":{"start":{"line":1,"column":15},"end":{"line":1,"column":37}},"1":{"start":{"line":2,"column":22},"end":{"line":2,"column":27}},"2":{"start":{"line":4,"column":14},"end":{"line":7,"column":19}},"3":{"start":{"line":5,"column":2},"end":{"line":7,"column":19}},"4":{"start":{"line":6,"column":4},"end":{"line":6,"column":25}},"5":{"start":{"line":9,"column":0},"end":{"line":9,"column":27}}},"fnMap":{"0":{"name":"(anonymous_0)","decl":{"start":{"line":4,"column":14},"end":{"line":4,"column":15}},"loc":{"start":{"line":5,"column":2},"end":{"line":7,"column":19}},"line":5},"1":{"name":"(anonymous_1)","decl":{"start":{"line":5,"column":14},"end":{"line":5,"column":15}},"loc":{"start":{"line":5,"column":20},"end":{"line":7,"column":3}},"line":5}},"branchMap":{},"s":{"0":1,"1":1,"2":1,"3":0,"4":0,"5":1},"f":{"0":0,"1":0},"b":{},"_coverageSchema":"1a1c01bbd47fc00a2c39e90264f33305004495a9","hash":"58fd295841fdbb51424f252ab04f4bb34c4a3d23"}
}
